<?xml version="1.0" encoding="UTF-8"?>
<testsuite name="com.tw.LibraryTest" tests="4" skipped="0" failures="0" errors="0" timestamp="2018-04-16T10:41:33" hostname="DESKTOP-Q8J7T3P" time="0.997">
  <properties/>
  <testcase name="testMockClass" classname="com.tw.LibraryTest" time="0.985"/>
  <testcase name="testSomeLibraryMethod" classname="com.tw.LibraryTest" time="0.01"/>
  <testcase name="testCheck_StuInfo_Format" classname="com.tw.LibraryTest" time="0.002"/>
  <testcase name="testCheck_StuID_Format" classname="com.tw.LibraryTest" time="0.0"/>
  <system-out><![CDATA[]]></system-out>
  <system-err><![CDATA[]]></system-err>
</testsuite>
